This is pdfTeX, Version 3.14159265-2.6-1.40.20 (TeX Live 2019/Debian) (preloaded format=pdflatex 2021.3.19)  27 MAR 2021 22:14
entering extended mode
 \write18 enabled.
 %&-line parsing enabled.
**ttinfo.tex
(./ttinfo.tex
LaTeX2e <2020-02-02> patch level 2
L3 programming layer <2020-02-14>
(/usr/share/texlive/texmf-dist/tex/latex/base/report.cls
Document Class: report 2019/12/20 v1.4l Standard LaTeX document class
(/usr/share/texlive/texmf-dist/tex/latex/base/size12.clo
File: size12.clo 2019/12/20 v1.4l Standard LaTeX file (size option)
)
\c@part=\count167
\c@chapter=\count168
\c@section=\count169
\c@subsection=\count170
\c@subsubsection=\count171
\c@paragraph=\count172
\c@subparagraph=\count173
\c@figure=\count174
\c@table=\count175
\abovecaptionskip=\skip47
\belowcaptionskip=\skip48
\bibindent=\dimen134
)
(/usr/share/texmf/tex/latex/lm/lmodern.sty
Package: lmodern 2009/10/30 v1.6 Latin Modern Fonts
LaTeX Font Info:    Overwriting symbol font `operators' in version `normal'
(Font)                  OT1/cmr/m/n --> OT1/lmr/m/n on input line 22.
LaTeX Font Info:    Overwriting symbol font `letters' in version `normal'
(Font)                  OML/cmm/m/it --> OML/lmm/m/it on input line 23.
LaTeX Font Info:    Overwriting symbol font `symbols' in version `normal'
(Font)                  OMS/cmsy/m/n --> OMS/lmsy/m/n on input line 24.
LaTeX Font Info:    Overwriting symbol font `largesymbols' in version `normal'
(Font)                  OMX/cmex/m/n --> OMX/lmex/m/n on input line 25.
LaTeX Font Info:    Overwriting symbol font `operators' in version `bold'
(Font)                  OT1/cmr/bx/n --> OT1/lmr/bx/n on input line 26.
LaTeX Font Info:    Overwriting symbol font `letters' in version `bold'
(Font)                  OML/cmm/b/it --> OML/lmm/b/it on input line 27.
LaTeX Font Info:    Overwriting symbol font `symbols' in version `bold'
(Font)                  OMS/cmsy/b/n --> OMS/lmsy/b/n on input line 28.
LaTeX Font Info:    Overwriting symbol font `largesymbols' in version `bold'
(Font)                  OMX/cmex/m/n --> OMX/lmex/m/n on input line 29.
LaTeX Font Info:    Overwriting math alphabet `\mathbf' in version `normal'
(Font)                  OT1/cmr/bx/n --> OT1/lmr/bx/n on input line 31.
LaTeX Font Info:    Overwriting math alphabet `\mathsf' in version `normal'
(Font)                  OT1/cmss/m/n --> OT1/lmss/m/n on input line 32.
LaTeX Font Info:    Overwriting math alphabet `\mathit' in version `normal'
(Font)                  OT1/cmr/m/it --> OT1/lmr/m/it on input line 33.
LaTeX Font Info:    Overwriting math alphabet `\mathtt' in version `normal'
(Font)                  OT1/cmtt/m/n --> OT1/lmtt/m/n on input line 34.
LaTeX Font Info:    Overwriting math alphabet `\mathbf' in version `bold'
(Font)                  OT1/cmr/bx/n --> OT1/lmr/bx/n on input line 35.
LaTeX Font Info:    Overwriting math alphabet `\mathsf' in version `bold'
(Font)                  OT1/cmss/bx/n --> OT1/lmss/bx/n on input line 36.
LaTeX Font Info:    Overwriting math alphabet `\mathit' in version `bold'
(Font)                  OT1/cmr/bx/it --> OT1/lmr/bx/it on input line 37.
LaTeX Font Info:    Overwriting math alphabet `\mathtt' in version `bold'
(Font)                  OT1/cmtt/m/n --> OT1/lmtt/m/n on input line 38.
)
(/usr/share/texlive/texmf-dist/tex/latex/base/fontenc.sty
Package: fontenc 2020/02/11 v2.0o Standard LaTeX package
LaTeX Font Info:    Trying to load font information for T1+lmr on input line 11
2.

(/usr/share/texmf/tex/latex/lm/t1lmr.fd
File: t1lmr.fd 2009/10/30 v1.6 Font defs for Latin Modern
))
(/usr/share/texlive/texmf-dist/tex/latex/base/inputenc.sty
Package: inputenc 2018/08/11 v1.3c Input encoding file
\inpenc@prehook=\toks14
\inpenc@posthook=\toks15

(/usr/share/texlive/texmf-dist/tex/latex/ucs/utf8x.def
File: utf8x.def 2004/10/17 UCS: Input encoding UTF-8
))
(/usr/share/texlive/texmf-dist/tex/latex/ucs/ucs.sty
Package: ucs 2013/05/11 v2.2 UCS: Unicode input support

(/usr/share/texlive/texmf-dist/tex/latex/ucs/data/uni-global.def
File: uni-global.def 2013/05/13 UCS: Unicode global data
)
\uc@secondtry=\count176
\uc@combtoks=\toks16
\uc@combtoksb=\toks17
\uc@temptokena=\toks18
)
(/usr/share/texlive/texmf-dist/tex/latex/preprint/fullpage.sty
Package: fullpage 1999/02/23 1.1 (PWD)
\FP@margin=\skip49
)
(/usr/share/texlive/texmf-dist/tex/generic/babel/babel.sty
Package: babel 2020/02/14 3.40 The Babel package

(/usr/share/texlive/texmf-dist/tex/generic/babel/switch.def
File: switch.def 2020/02/14 3.40 Babel switching mechanism
)
(/usr/share/texlive/texmf-dist/tex/generic/babel-english/english.ldf
Language: english 2017/06/06 v3.3r English support from the babel system

(/usr/share/texlive/texmf-dist/tex/generic/babel/babel.def
File: babel.def 2020/02/14 3.40 Babel common definitions
\babel@savecnt=\count177
\U@D=\dimen135

(/usr/share/texlive/texmf-dist/tex/generic/babel/txtbabel.def)
\bbl@readstream=\read2
\bbl@dirlevel=\count178
)
Package babel Info: \l@canadian = using hyphenrules for english
(babel)             (\language0) on input line 102.
Package babel Info: \l@australian = using hyphenrules for ukenglish
(babel)             (\language59) on input line 105.
Package babel Info: \l@newzealand = using hyphenrules for ukenglish
(babel)             (\language59) on input line 108.
)
(/usr/share/texlive/texmf-dist/tex/generic/babel-german/ngerman.ldf
Language: ngerman 2018/12/08 v2.11 German support for babel (post-1996 orthogra
phy)

(/usr/share/texlive/texmf-dist/tex/generic/babel-german/ngermanb.ldf
Language: ngermanb 2018/12/08 v2.11 German support for babel (post-1996 orthogr
aphy)
Package babel Info: Making " an active character on input line 121.
)))
(/usr/share/texlive/texmf-dist/tex/latex/graphics/graphicx.sty
Package: graphicx 2019/11/30 v1.2a Enhanced LaTeX Graphics (DPC,SPQR)

(/usr/share/texlive/texmf-dist/tex/latex/graphics/keyval.sty
Package: keyval 2014/10/28 v1.15 key=value parser (DPC)
\KV@toks@=\toks19
)
(/usr/share/texlive/texmf-dist/tex/latex/graphics/graphics.sty
Package: graphics 2019/11/30 v1.4a Standard LaTeX Graphics (DPC,SPQR)

(/usr/share/texlive/texmf-dist/tex/latex/graphics/trig.sty
Package: trig 2016/01/03 v1.10 sin cos tan (DPC)
)
(/usr/share/texlive/texmf-dist/tex/latex/graphics-cfg/graphics.cfg
File: graphics.cfg 2016/06/04 v1.11 sample graphics configuration
)
Package graphics Info: Driver file: pdftex.def on input line 105.

(/usr/share/texlive/texmf-dist/tex/latex/graphics-def/pdftex.def
File: pdftex.def 2018/01/08 v1.0l Graphics/color driver for pdftex
))
\Gin@req@height=\dimen136
\Gin@req@width=\dimen137
)
(/usr/share/texlive/texmf-dist/tex/latex/caption/caption.sty
Package: caption 2020/01/03 v3.4h Customizing captions (AR)

(/usr/share/texlive/texmf-dist/tex/latex/caption/caption3.sty
Package: caption3 2020/01/03 v1.8h caption3 kernel (AR)
Package caption3 Info: TeX engine: e-TeX on input line 61.
\captionmargin=\dimen138
\captionmargin@=\dimen139
\captionwidth=\dimen140
\caption@tempdima=\dimen141
\caption@indent=\dimen142
\caption@parindent=\dimen143
\caption@hangindent=\dimen144
Package caption Info: Standard document class detected.
)
\c@caption@flags=\count179
\c@continuedfloat=\count180
)
(/usr/share/texlive/texmf-dist/tex/latex/caption/subcaption.sty
Package: subcaption 2020/01/22 v1.3d Sub-captions (AR)
\c@subfigure=\count181
\c@subtable=\count182
)
(/usr/share/texlive/texmf-dist/tex/latex/graphics/color.sty
Package: color 2019/11/23 v1.2a Standard LaTeX Color (DPC)

(/usr/share/texlive/texmf-dist/tex/latex/graphics-cfg/color.cfg
File: color.cfg 2016/01/02 v1.6 sample color configuration
)
Package color Info: Driver file: pdftex.def on input line 147.
)
(/usr/share/texlive/texmf-dist/tex/latex/epstopdf-pkg/epstopdf.sty
Package: epstopdf 2020-01-24 v2.11 Conversion with epstopdf on the fly (HO)

(/usr/share/texlive/texmf-dist/tex/generic/infwarerr/infwarerr.sty
Package: infwarerr 2019/12/03 v1.5 Providing info/warning/error messages (HO)
)
(/usr/share/texlive/texmf-dist/tex/latex/grfext/grfext.sty
Package: grfext 2019/12/03 v1.3 Manage graphics extensions (HO)

(/usr/share/texlive/texmf-dist/tex/generic/kvdefinekeys/kvdefinekeys.sty
Package: kvdefinekeys 2019-12-19 v1.6 Define keys (HO)
))
(/usr/share/texlive/texmf-dist/tex/latex/kvoptions/kvoptions.sty
Package: kvoptions 2019/11/29 v3.13 Key value format for package options (HO)

(/usr/share/texlive/texmf-dist/tex/generic/ltxcmds/ltxcmds.sty
Package: ltxcmds 2019/12/15 v1.24 LaTeX kernel commands for general use (HO)
)
(/usr/share/texlive/texmf-dist/tex/generic/kvsetkeys/kvsetkeys.sty
Package: kvsetkeys 2019/12/15 v1.18 Key value parser (HO)
))
(/usr/share/texlive/texmf-dist/tex/latex/pdftexcmds/pdftexcmds.sty
Package: pdftexcmds 2019/11/24 v0.31 Utility functions of pdfTeX for LuaTeX (HO
)

(/usr/share/texlive/texmf-dist/tex/generic/iftex/iftex.sty
Package: iftex 2019/11/07 v1.0c TeX engine tests
)
Package pdftexcmds Info: \pdf@primitive is available.
Package pdftexcmds Info: \pdf@ifprimitive is available.
Package pdftexcmds Info: \pdfdraftmode found.
)
(/usr/share/texlive/texmf-dist/tex/latex/epstopdf-pkg/epstopdf-base.sty
Package: epstopdf-base 2020-01-24 v2.11 Base part for package epstopdf
Package epstopdf-base Info: Redefining graphics rule for `.eps' on input line 4
85.
Package grfext Info: Graphics extension search list:
(grfext)             [.pdf,.png,.jpg,.mps,.jpeg,.jbig2,.jb2,.PDF,.PNG,.JPG,.JPE
G,.JBIG2,.JB2,.eps]
(grfext)             \AppendGraphicsExtensions on input line 504.

(/usr/share/texlive/texmf-dist/tex/latex/latexconfig/epstopdf-sys.cfg
File: epstopdf-sys.cfg 2010/07/13 v1.3 Configuration of (r)epstopdf for TeX Liv
e
)))
(/usr/share/texlive/texmf-dist/tex/latex/hyperref/hyperref.sty
Package: hyperref 2020/01/14 v7.00d Hypertext links for LaTeX

(/usr/share/texlive/texmf-dist/tex/generic/pdfescape/pdfescape.sty
Package: pdfescape 2019/12/09 v1.15 Implements pdfTeX's escape features (HO)
)
(/usr/share/texlive/texmf-dist/tex/latex/hycolor/hycolor.sty
Package: hycolor 2020-01-27 v1.10 Color options for hyperref/bookmark (HO)
)
(/usr/share/texlive/texmf-dist/tex/latex/letltxmacro/letltxmacro.sty
Package: letltxmacro 2019/12/03 v1.6 Let assignment for LaTeX macros (HO)
)
(/usr/share/texlive/texmf-dist/tex/latex/auxhook/auxhook.sty
Package: auxhook 2019-12-17 v1.6 Hooks for auxiliary files (HO)
)
\@linkdim=\dimen145
\Hy@linkcounter=\count183
\Hy@pagecounter=\count184

(/usr/share/texlive/texmf-dist/tex/latex/hyperref/pd1enc.def
File: pd1enc.def 2020/01/14 v7.00d Hyperref: PDFDocEncoding definition (HO)
)
(/usr/share/texlive/texmf-dist/tex/generic/intcalc/intcalc.sty
Package: intcalc 2019/12/15 v1.3 Expandable calculations with integers (HO)
)
(/usr/share/texlive/texmf-dist/tex/generic/etexcmds/etexcmds.sty
Package: etexcmds 2019/12/15 v1.7 Avoid name clashes with e-TeX commands (HO)
)
\Hy@SavedSpaceFactor=\count185
\pdfmajorversion=\count186
Package hyperref Info: Hyper figures OFF on input line 4547.
Package hyperref Info: Link nesting OFF on input line 4552.
Package hyperref Info: Hyper index ON on input line 4555.
Package hyperref Info: Plain pages OFF on input line 4562.
Package hyperref Info: Backreferencing OFF on input line 4567.
Package hyperref Info: Implicit mode ON; LaTeX internals redefined.
Package hyperref Info: Bookmarks ON on input line 4800.
\c@Hy@tempcnt=\count187

(/usr/share/texlive/texmf-dist/tex/latex/url/url.sty
\Urlmuskip=\muskip16
Package: url 2013/09/16  ver 3.4  Verb mode for urls, etc.
)
LaTeX Info: Redefining \url on input line 5159.
\XeTeXLinkMargin=\dimen146

(/usr/share/texlive/texmf-dist/tex/generic/bitset/bitset.sty
Package: bitset 2019/12/09 v1.3 Handle bit-vector datatype (HO)

(/usr/share/texlive/texmf-dist/tex/generic/bigintcalc/bigintcalc.sty
Package: bigintcalc 2019/12/15 v1.5 Expandable calculations on big integers (HO
)
))
\Fld@menulength=\count188
\Field@Width=\dimen147
\Fld@charsize=\dimen148
Package hyperref Info: Hyper figures OFF on input line 6430.
Package hyperref Info: Link nesting OFF on input line 6435.
Package hyperref Info: Hyper index ON on input line 6438.
Package hyperref Info: backreferencing OFF on input line 6445.
Package hyperref Info: Link coloring OFF on input line 6450.
Package hyperref Info: Link coloring with OCG OFF on input line 6455.
Package hyperref Info: PDF/A mode OFF on input line 6460.
LaTeX Info: Redefining \ref on input line 6500.
LaTeX Info: Redefining \pageref on input line 6504.

(/usr/share/texlive/texmf-dist/tex/generic/atbegshi/atbegshi.sty
Package: atbegshi 2019/12/05 v1.19 At begin shipout hook (HO)
)
\Hy@abspage=\count189
\c@Item=\count190
\c@Hfootnote=\count191
)
Package hyperref Info: Driver: hpdftex.

(/usr/share/texlive/texmf-dist/tex/latex/hyperref/hpdftex.def
File: hpdftex.def 2020/01/14 v7.00d Hyperref driver for pdfTeX

(/usr/share/texlive/texmf-dist/tex/latex/atveryend/atveryend.sty
Package: atveryend 2019-12-11 v1.11 Hooks at the very end of document (HO)
Package atveryend Info: \enddocument detected (standard20110627).
)
\Fld@listcount=\count192
\c@bookmark@seq@number=\count193

(/usr/share/texlive/texmf-dist/tex/latex/rerunfilecheck/rerunfilecheck.sty
Package: rerunfilecheck 2019/12/05 v1.9 Rerun checks for auxiliary files (HO)

(/usr/share/texlive/texmf-dist/tex/generic/uniquecounter/uniquecounter.sty
Package: uniquecounter 2019/12/15 v1.4 Provide unlimited unique counter (HO)
)
Package uniquecounter Info: New unique counter `rerunfilecheck' on input line 2
86.
)
\Hy@SectionHShift=\skip50
)
(/usr/share/texlive/texmf-dist/tex/latex/float/float.sty
Package: float 2001/11/08 v1.3d Float enhancements (AL)
\c@float@type=\count194
\float@exts=\toks20
\float@box=\box45
\@float@everytoks=\toks21
\@floatcapt=\box46
)
(/usr/share/texlive/texmf-dist/tex/latex/l3backend/l3backend-pdfmode.def
File: l3backend-pdfmode.def 2020-02-03 L3 backend support: PDF mode
\l__kernel_color_stack_int=\count195
\l__pdf_internal_box=\box47
)
(./ttinfo.aux (./BJT-transistors.aux) (./MOS-transistors.aux))
\openout1 = `ttinfo.aux'.

LaTeX Font Info:    Checking defaults for OML/cmm/m/it on input line 18.
LaTeX Font Info:    ... okay on input line 18.
LaTeX Font Info:    Checking defaults for OMS/cmsy/m/n on input line 18.
LaTeX Font Info:    ... okay on input line 18.
LaTeX Font Info:    Checking defaults for OT1/cmr/m/n on input line 18.
LaTeX Font Info:    ... okay on input line 18.
LaTeX Font Info:    Checking defaults for T1/cmr/m/n on input line 18.
LaTeX Font Info:    ... okay on input line 18.
LaTeX Font Info:    Checking defaults for TS1/cmr/m/n on input line 18.
LaTeX Font Info:    ... okay on input line 18.
LaTeX Font Info:    Checking defaults for OMX/cmex/m/n on input line 18.
LaTeX Font Info:    ... okay on input line 18.
LaTeX Font Info:    Checking defaults for U/cmr/m/n on input line 18.
LaTeX Font Info:    ... okay on input line 18.
LaTeX Font Info:    Checking defaults for PD1/pdf/m/n on input line 18.
LaTeX Font Info:    ... okay on input line 18.

(/usr/share/texlive/texmf-dist/tex/latex/ucs/ucsencs.def
File: ucsencs.def 2011/01/21 Fixes to fontencodings LGR, T3
)
(/usr/share/texlive/texmf-dist/tex/context/base/mkii/supp-pdf.mkii
[Loading MPS to PDF converter (version 2006.09.02).]
\scratchcounter=\count196
\scratchdimen=\dimen149
\scratchbox=\box48
\nofMPsegments=\count197
\nofMParguments=\count198
\everyMPshowfont=\toks22
\MPscratchCnt=\count199
\MPscratchDim=\dimen150
\MPnumerator=\count266
\makeMPintoPDFobject=\count267
\everyMPtoPDFconversion=\toks23
)
Package caption Info: Begin \AtBeginDocument code.
Package caption Info: float package is loaded.
Package caption Info: hyperref package is loaded.
Package caption Info: End \AtBeginDocument code.
\AtBeginShipoutBox=\box49
Package hyperref Info: Link coloring OFF on input line 18.
 (/usr/share/texlive/texmf-dist/tex/latex/hyperref/nameref.sty
Package: nameref 2019/09/16 v2.46 Cross-referencing by name of section

(/usr/share/texlive/texmf-dist/tex/latex/refcount/refcount.sty
Package: refcount 2019/12/15 v3.6 Data extraction from label references (HO)
)
(/usr/share/texlive/texmf-dist/tex/generic/gettitlestring/gettitlestring.sty
Package: gettitlestring 2019/12/15 v1.6 Cleanup title references (HO)
)
\c@section@level=\count268
)
LaTeX Info: Redefining \ref on input line 18.
LaTeX Info: Redefining \pageref on input line 18.
LaTeX Info: Redefining \nameref on input line 18.

(./ttinfo.out) (./ttinfo.out)
\@outlinefile=\write3
\openout3 = `ttinfo.out'.

LaTeX Font Info:    Trying to load font information for OT1+lmr on input line 2
7.
 (/usr/share/texmf/tex/latex/lm/ot1lmr.fd
File: ot1lmr.fd 2009/10/30 v1.6 Font defs for Latin Modern
)
LaTeX Font Info:    Trying to load font information for OML+lmm on input line 2
7.

(/usr/share/texmf/tex/latex/lm/omllmm.fd
File: omllmm.fd 2009/10/30 v1.6 Font defs for Latin Modern
)
LaTeX Font Info:    Trying to load font information for OMS+lmsy on input line 
27.

(/usr/share/texmf/tex/latex/lm/omslmsy.fd
File: omslmsy.fd 2009/10/30 v1.6 Font defs for Latin Modern
)
LaTeX Font Info:    Trying to load font information for OMX+lmex on input line 
27.

(/usr/share/texmf/tex/latex/lm/omxlmex.fd
File: omxlmex.fd 2009/10/30 v1.6 Font defs for Latin Modern
)
LaTeX Font Info:    External font `lmex10' loaded for size
(Font)              <14.4> on input line 27.
LaTeX Font Info:    External font `lmex10' loaded for size
(Font)              <10> on input line 27.
LaTeX Font Info:    External font `lmex10' loaded for size
(Font)              <7> on input line 27.

(/usr/share/texlive/texmf-dist/tex/latex/ucs/data/uni-0.def
File: uni-0.def 2013/05/13 UCS: Unicode data U+0000..U+00FF
)
LaTeX Font Info:    Trying to load font information for T1+lmtt on input line 2
7.

(/usr/share/texmf/tex/latex/lm/t1lmtt.fd
File: t1lmtt.fd 2009/10/30 v1.6 Font defs for Latin Modern
) [1


Non-PDF special ignored!
<special> papersize=210mm,297mm
{/var/lib/texmf/fonts/map/pdftex/updmap/pdftex.map}] (./ttinfo.toc)
\tf@toc=\write4
\openout4 = `ttinfo.toc'.

pdfTeX warning (ext4): destination with the same identifier (name{page.1}) has 
been already used, duplicate ignored
<to be read again> 
                   \relax 
l.30 \include{BJT-transistors}
                               [1

]
\openout2 = `BJT-transistors.aux'.

 (./BJT-transistors.tex
Kapitel 1.


pdfTeX warning: pdflatex (file ../FIG/BJT_BC640.pdf): PDF inclusion: found PDF 
version <1.7>, but at most version <1.5> allowed
<../FIG/BJT_BC640.pdf, id=27, 190.7125pt x 249.93375pt>
File: ../FIG/BJT_BC640.pdf Graphic file (type pdf)
<use ../FIG/BJT_BC640.pdf>
Package pdftex.def Info: ../FIG/BJT_BC640.pdf  used on input line 8.
(pdftex.def)             Requested size: 256.07481pt x 335.63408pt.


pdfTeX warning: pdflatex (file ../FIG/BJT_BC639.pdf): PDF inclusion: found PDF 
version <1.7>, but at most version <1.5> allowed
<../FIG/BJT_BC639.pdf, id=28, 185.69376pt x 243.91125pt>
File: ../FIG/BJT_BC639.pdf Graphic file (type pdf)
<use ../FIG/BJT_BC639.pdf>
Package pdftex.def Info: ../FIG/BJT_BC639.pdf  used on input line 15.
(pdftex.def)             Requested size: 256.07481pt x 336.36713pt.

Overfull \hbox (7.8332pt too wide) in paragraph at lines 6--19
[][]   [] 
 []



pdfTeX warning: pdflatex (file ../FIG/BJT_AD161.pdf): PDF inclusion: found PDF 
version <1.7>, but at most version <1.5> allowed
<../FIG/BJT_AD161.pdf, id=29, 410.53375pt x 216.81pt>
File: ../FIG/BJT_AD161.pdf Graphic file (type pdf)
<use ../FIG/BJT_AD161.pdf>
Package pdftex.def Info: ../FIG/BJT_AD161.pdf  used on input line 25.
(pdftex.def)             Requested size: 409.72125pt x 216.37938pt.
[2


 <../FIG/BJT_BC640.pdf> <../FIG/BJT_BC639.pdf>]

pdfTeX warning: pdflatex (file ../FIG/BJT_AD162.pdf): PDF inclusion: found PDF 
version <1.7>, but at most version <1.5> allowed
<../FIG/BJT_AD162.pdf, id=46, 416.55624pt x 223.83624pt>
File: ../FIG/BJT_AD162.pdf Graphic file (type pdf)
<use ../FIG/BJT_AD162.pdf>
Package pdftex.def Info: ../FIG/BJT_AD162.pdf  used on input line 33.
(pdftex.def)             Requested size: 409.72125pt x 220.17432pt.


pdfTeX warning: pdflatex (file ../FIG/BJT_BC516.pdf): PDF inclusion: found PDF 
version <1.7>, but at most version <1.5> allowed
<../FIG/BJT_BC516.pdf, id=47, 182.6825pt x 281.05pt>
File: ../FIG/BJT_BC516.pdf Graphic file (type pdf)
<use ../FIG/BJT_BC516.pdf>
Package pdftex.def Info: ../FIG/BJT_BC516.pdf  used on input line 41.
(pdftex.def)             Requested size: 256.07481pt x 394.01622pt.


pdfTeX warning: pdflatex (file ../FIG/BJT_BC517.pdf): PDF inclusion: found PDF 
version <1.7>, but at most version <1.5> allowed
<../FIG/BJT_BC517.pdf, id=48, 182.6825pt x 281.05pt>
File: ../FIG/BJT_BC517.pdf Graphic file (type pdf)
<use ../FIG/BJT_BC517.pdf>
Package pdftex.def Info: ../FIG/BJT_BC517.pdf  used on input line 48.
(pdftex.def)             Requested size: 256.07481pt x 394.01622pt.

Overfull \hbox (7.8332pt too wide) in paragraph at lines 39--52
[][]   [] 
 []

[3 <../FIG/BJT_AD161.pdf> <../FIG/BJT_AD162.pdf>]

pdfTeX warning: pdflatex (file ../FIG/BJT_BU508D.pdf): PDF inclusion: found PDF
 version <1.7>, but at most version <1.5> allowed
<../FIG/BJT_BU508D.pdf, id=71, 235.88126pt x 199.74625pt>
File: ../FIG/BJT_BU508D.pdf Graphic file (type pdf)
<use ../FIG/BJT_BU508D.pdf>
Package pdftex.def Info: ../FIG/BJT_BU508D.pdf  used on input line 57.
(pdftex.def)             Requested size: 409.72125pt x 346.96132pt.
[4 <../FIG/BJT_BC516.pdf> <../FIG/BJT_BC517.pdf>]

pdfTeX warning: pdflatex (file ../FIG/BJT_BDV64.pdf): PDF inclusion: found PDF 
version <1.7>, but at most version <1.5> allowed
<../FIG/BJT_BDV64.pdf, id=87, 182.6825pt x 284.06125pt>
File: ../FIG/BJT_BDV64.pdf Graphic file (type pdf)
<use ../FIG/BJT_BDV64.pdf>
Package pdftex.def Info: ../FIG/BJT_BDV64.pdf  used on input line 65.
(pdftex.def)             Requested size: 256.07481pt x 398.23781pt.


pdfTeX warning: pdflatex (file ../FIG/BJT_BDV65.pdf): PDF inclusion: found PDF 
version <1.7>, but at most version <1.5> allowed
<../FIG/BJT_BDV65.pdf, id=88, 182.6825pt x 284.06125pt>
File: ../FIG/BJT_BDV65.pdf Graphic file (type pdf)
<use ../FIG/BJT_BDV65.pdf>
Package pdftex.def Info: ../FIG/BJT_BDV65.pdf  used on input line 72.
(pdftex.def)             Requested size: 256.07481pt x 398.23781pt.

Overfull \hbox (7.8332pt too wide) in paragraph at lines 63--76
[][]   [] 
 []

) [5 <../FIG/BJT_BU508D.pdf>] [6 <../FIG/BJT_BDV64.pdf> <../FIG/BJT_BDV65.pdf>]
\openout2 = `MOS-transistors.aux'.

(./MOS-transistors.tex
Kapitel 2.


pdfTeX warning: pdflatex (file ../FIG/MOS_BUZ71.pdf): PDF inclusion: found PDF 
version <1.7>, but at most version <1.5> allowed
<../FIG/MOS_BUZ71.pdf, id=117, 162.6075pt x 263.98625pt>
File: ../FIG/MOS_BUZ71.pdf Graphic file (type pdf)
<use ../FIG/MOS_BUZ71.pdf>
Package pdftex.def Info: ../FIG/MOS_BUZ71.pdf  used on input line 8.
(pdftex.def)             Requested size: 256.07481pt x 415.76039pt.


pdfTeX warning: pdflatex (file ../FIG/MOS_IRF5305.pdf): PDF inclusion: found PD
F version <1.7>, but at most version <1.5> allowed
<../FIG/MOS_IRF5305.pdf, id=118, 162.6075pt x 260.975pt>
File: ../FIG/MOS_IRF5305.pdf Graphic file (type pdf)
<use ../FIG/MOS_IRF5305.pdf>
Package pdftex.def Info: ../FIG/MOS_IRF5305.pdf  used on input line 15.
(pdftex.def)             Requested size: 256.07481pt x 411.0179pt.

Overfull \hbox (7.8332pt too wide) in paragraph at lines 6--19
[][]   [] 
 []



pdfTeX warning: pdflatex (file ../FIG/MOS_BSS169.pdf): PDF inclusion: found PDF
 version <1.7>, but at most version <1.5> allowed
<../FIG/MOS_BSS169.pdf, id=119, 235.88126pt x 214.8025pt>
File: ../FIG/MOS_BSS169.pdf Graphic file (type pdf)
<use ../FIG/MOS_BSS169.pdf>
Package pdftex.def Info: ../FIG/MOS_BSS169.pdf  used on input line 26.
(pdftex.def)             Requested size: 409.72125pt x 373.1142pt.
[7



 <../FIG/MOS_BUZ71.pdf> <../FIG/MOS_IRF5305.pdf>]

pdfTeX warning: pdflatex (file ../FIG/JFET_BF245.pdf): PDF inclusion: found PDF
 version <1.7>, but at most version <1.5> allowed
<../FIG/JFET_BF245.pdf, id=139, 170.6375pt x 169.63374pt>
File: ../FIG/JFET_BF245.pdf Graphic file (type pdf)
<use ../FIG/JFET_BF245.pdf>
Package pdftex.def Info: ../FIG/JFET_BF245.pdf  used on input line 34.
(pdftex.def)             Requested size: 256.07481pt x 254.58456pt.


pdfTeX warning: pdflatex (file ../FIG/JFET_J175.pdf): PDF inclusion: found PDF 
version <1.7>, but at most version <1.5> allowed
<../FIG/JFET_J175.pdf, id=140, 165.61874pt x 169.63374pt>
File: ../FIG/JFET_J175.pdf Graphic file (type pdf)
<use ../FIG/JFET_J175.pdf>
Package pdftex.def Info: ../FIG/JFET_J175.pdf  used on input line 41.
(pdftex.def)             Requested size: 256.07481pt x 262.32129pt.

Overfull \hbox (7.8332pt too wide) in paragraph at lines 32--45
[][]   [] 
 []

) [8 <../FIG/MOS_BSS169.pdf> <../FIG/JFET_BF245.pdf> <../FIG/JFET_J175.pdf>]
LaTeX Font Info:    External font `lmex10' loaded for size
(Font)              <12> on input line 61.
LaTeX Font Info:    External font `lmex10' loaded for size
(Font)              <8> on input line 61.
LaTeX Font Info:    External font `lmex10' loaded for size
(Font)              <6> on input line 61.

Underfull \hbox (badness 5475) in paragraph at lines 67--72
[]\T1/lmr/m/n/12 Wikipedia []$\T1/lmtt/m/n/12 http : / / de . wikipedia . org /
 wiki / Equivalent _ Series _ Resistance$[] \T1/lmr/m/it/12 Er-läu-te-rung
 []

Package atveryend Info: Empty hook `BeforeClearDocument' on input line 117.
[9


]
Package atveryend Info: Empty hook `AfterLastShipout' on input line 117.
 (./ttinfo.aux (./BJT-transistors.aux) (./MOS-transistors.aux))
Package atveryend Info: Executing hook `AtVeryEndDocument' on input line 117.
Package atveryend Info: Executing hook `AtEndAfterFileList' on input line 117.
Package rerunfilecheck Info: File `ttinfo.out' has not changed.
(rerunfilecheck)             Checksum: 303C825CE7771B63070A77A382C0C6B5;133.
Package atveryend Info: Empty hook `AtVeryVeryEnd' on input line 117.
 ) 
Here is how much of TeX's memory you used:
 8425 strings out of 481239
 131416 string characters out of 5920377
 399582 words of memory out of 5000000
 23452 multiletter control sequences out of 15000+600000
 580387 words of font info for 54 fonts, out of 8000000 for 9000
 1141 hyphenation exceptions out of 8191
 41i,8n,43p,331b,662s stack positions out of 5000i,500n,10000p,200000b,80000s
{/usr/share/texmf/fonts/enc/dvips/lm/lm-ec.enc}</usr/share/texmf/fonts/type1/
public/lm/lmbx12.pfb></usr/share/texmf/fonts/type1/public/lm/lmr10.pfb></usr/sh
are/texmf/fonts/type1/public/lm/lmr12.pfb></usr/share/texmf/fonts/type1/public/
lm/lmr17.pfb></usr/share/texmf/fonts/type1/public/lm/lmri12.pfb></usr/share/tex
mf/fonts/type1/public/lm/lmtt12.pfb>
Output written on ttinfo.pdf (10 pages, 279179 bytes).
PDF statistics:
 221 PDF objects out of 1000 (max. 8388607)
 168 compressed objects within 2 object streams
 35 named destinations out of 1000 (max. 500000)
 87 words of extra memory for PDF output out of 10000 (max. 10000000)

